[debug] [2021-02-18T19:41:43.113Z] ----------------------------------------------------------------------
[debug] [2021-02-18T19:41:43.117Z] Command:       /home/aloisio/.nvm/versions/node/v12.18.0/bin/node /usr/bin/firebase emulators:start
[debug] [2021-02-18T19:41:43.118Z] CLI Version:   9.3.0
[debug] [2021-02-18T19:41:43.118Z] Platform:      linux
[debug] [2021-02-18T19:41:43.118Z] Node Version:  v12.18.0
[debug] [2021-02-18T19:41:43.605Z] Time:          Thu Feb 18 2021 16:41:43 GMT-0300 (Brasilia Standard Time)
[debug] [2021-02-18T19:41:43.606Z] ----------------------------------------------------------------------
[debug] [2021-02-18T19:41:43.606Z] 
[debug] [2021-02-18T19:41:43.883Z] > command requires scopes: ["email","openid","https://www.googleapis.com/auth/cloudplatformprojects.readonly","https://www.googleapis.com/auth/firebase","https://www.googleapis.com/auth/cloud-platform"]
[debug] [2021-02-18T19:41:43.884Z] > authorizing via signed-in user
[info] i  emulators: Starting emulators: functions, hosting {"metadata":{"emulator":{"name":"hub"},"message":"Starting emulators: functions, hosting"}}
[warn] ⚠  emulators: It seems that you are running multiple instances of the emulator suite for project clone-c74b2. This may result in unexpected behavior. 
[debug] [2021-02-18T19:41:44.205Z] [hub] writing locator at /tmp/hub-clone-c74b2.json
[warn] ⚠  functions: The following emulators are not running, calls to these services from the Functions emulator will affect production: auth, firestore, database, pubsub {"metadata":{"emulator":{"name":"functions"},"message":"The following emulators are not running, calls to these services from the Functions emulator will affect production: \u001b[1mauth, firestore, database, pubsub\u001b[22m"}}
[info] ✔  functions: Using node@12 from host. {"metadata":{"emulator":{"name":"functions"},"message":"Using node@12 from host."}}
[debug] [2021-02-18T19:41:44.682Z] defaultcredentials: writing to file /home/aloisio/.config/firebase/aloisiofernandes067_gmail_com_application_default_credentials.json
[debug] [2021-02-18T19:41:44.717Z] Setting GAC to /home/aloisio/.config/firebase/aloisiofernandes067_gmail_com_application_default_credentials.json {"metadata":{"emulator":{"name":"functions"},"message":"Setting GAC to /home/aloisio/.config/firebase/aloisiofernandes067_gmail_com_application_default_credentials.json"}}
[debug] [2021-02-18T19:41:44.727Z] > refreshing access token with scopes: []
[debug] [2021-02-18T19:41:44.728Z] >>> HTTP REQUEST POST https://www.googleapis.com/oauth2/v3/token  
 <request body omitted>
[debug] [2021-02-18T19:41:45.414Z] <<< HTTP RESPONSE 200 {"cache-control":"no-cache, no-store, max-age=0, must-revalidate","date":"Thu, 18 Feb 2021 19:41:45 GMT","expires":"Mon, 01 Jan 1990 00:00:00 GMT","pragma":"no-cache","content-type":"application/json; charset=utf-8","vary":"X-Origin, Referer, Origin,Accept-Encoding","server":"scaffolding on HTTPServer2","x-xss-protection":"0","x-frame-options":"SAMEORIGIN","x-content-type-options":"nosniff","alt-svc":"h3-29=\":443\"; ma=2592000,h3-T051=\":443\"; ma=2592000,h3-Q050=\":443\"; ma=2592000,h3-Q046=\":443\"; ma=2592000,h3-Q043=\":443\"; ma=2592000,quic=\":443\"; ma=2592000; v=\"46,43\"","accept-ranges":"none","transfer-encoding":"chunked"}
[debug] [2021-02-18T19:41:45.510Z] >>> [apiv2][query] GET https://firebase.googleapis.com/v1beta1/projects/clone-c74b2/adminSdkConfig [none]
[debug] [2021-02-18T19:41:46.127Z] <<< [apiv2][status] GET https://firebase.googleapis.com/v1beta1/projects/clone-c74b2/adminSdkConfig 200
[debug] [2021-02-18T19:41:46.128Z] <<< [apiv2][body] GET https://firebase.googleapis.com/v1beta1/projects/clone-c74b2/adminSdkConfig {"projectId":"clone-c74b2","storageBucket":"clone-c74b2.appspot.com","locationId":"us-central"}
[debug] [2021-02-18T19:41:46.218Z] >>> [apiv2][query] GET https://firebase.googleapis.com/v1beta1/projects/clone-c74b2/webApps/-/config [none]
[debug] [2021-02-18T19:41:46.875Z] <<< [apiv2][status] GET https://firebase.googleapis.com/v1beta1/projects/clone-c74b2/webApps/-/config 200
[debug] [2021-02-18T19:41:46.876Z] <<< [apiv2][body] GET https://firebase.googleapis.com/v1beta1/projects/clone-c74b2/webApps/-/config {"projectId":"clone-c74b2","appId":"1:41600339693:web:20377c929990b625c7c6e4","storageBucket":"clone-c74b2.appspot.com","locationId":"us-central","apiKey":"AIzaSyAwHYFFX08B_sc3VbITmXi3i0OeO8YEzaw","authDomain":"clone-c74b2.firebaseapp.com","messagingSenderId":"41600339693","measurementId":"G-VLWT2PTTWZ"}
[info] i  hosting: Serving hosting files from: build {"metadata":{"emulator":{"name":"hosting"},"message":"Serving hosting files from: \u001b[1mbuild\u001b[22m"}}
[info] ✔  hosting: Local server: http://localhost:5000 {"metadata":{"emulator":{"name":"hosting"},"message":"Local server: \u001b[4m\u001b[1mhttp://localhost:5000\u001b[22m\u001b[24m"}}
[debug] [2021-02-18T19:41:47.882Z] Ignoring unsupported arg: auto_download {"metadata":{"emulator":{"name":"ui"},"message":"Ignoring unsupported arg: auto_download"}}
[debug] [2021-02-18T19:41:47.883Z] Ignoring unsupported arg: port {"metadata":{"emulator":{"name":"ui"},"message":"Ignoring unsupported arg: port"}}
[debug] [2021-02-18T19:41:47.883Z] Starting Emulator UI with command {"binary":"node","args":["/home/aloisio/.cache/firebase/emulators/ui-v1.4.1/server.bundle.js"],"optionalArgs":[],"joinArgs":false} {"metadata":{"emulator":{"name":"ui"},"message":"Starting Emulator UI with command {\"binary\":\"node\",\"args\":[\"/home/aloisio/.cache/firebase/emulators/ui-v1.4.1/server.bundle.js\"],\"optionalArgs\":[],\"joinArgs\":false}"}}
[info] i  ui: Emulator UI logging to ui-debug.log {"metadata":{"emulator":{"name":"ui"},"message":"Emulator UI logging to \u001b[1mui-debug.log\u001b[22m"}}
[debug] [2021-02-18T19:41:48.398Z] Web / API server started at http://localhost:4000
 {"metadata":{"emulator":{"name":"ui"},"message":"Web / API server started at http://localhost:4000\n"}}
[info] i  functions: Watching "/home/aloisio/Desktop/Programas/HTML CSS JS/amazon-clone/amazon-full-stack/functions" for Cloud Functions... {"metadata":{"emulator":{"name":"functions"},"message":"Watching \"/home/aloisio/Desktop/Programas/HTML CSS JS/amazon-clone/amazon-full-stack/functions\" for Cloud Functions..."}}
[debug] [2021-02-18T19:41:48.495Z] [worker-pool] addWorker(~diagnostic~) {"metadata":{"emulator":{"name":"functions"},"message":"[worker-pool] addWorker(~diagnostic~)"}}
[debug] [2021-02-18T19:41:48.496Z] [worker-pool] Adding worker with key ~diagnostic~, total=1 {"metadata":{"emulator":{"name":"functions"},"message":"[worker-pool] Adding worker with key ~diagnostic~, total=1"}}
[debug] [2021-02-18T19:41:48.497Z] [worker-pool] submitWork(triggerId=) {"metadata":{"emulator":{"name":"functions"},"message":"[worker-pool] submitWork(triggerId=)"}}
[debug] [2021-02-18T19:41:48.497Z] [worker-~diagnostic~-2e485c52-309d-4984-b4c1-51256d7a8154]: Assigning socketPath: /tmp/fire_emu_8930.sock {"metadata":{"emulator":{"name":"functions"},"message":"[worker-~diagnostic~-2e485c52-309d-4984-b4c1-51256d7a8154]: Assigning socketPath: /tmp/fire_emu_8930.sock"}}
[debug] [2021-02-18T19:41:48.498Z] [worker-~diagnostic~-2e485c52-309d-4984-b4c1-51256d7a8154]: BUSY {"metadata":{"emulator":{"name":"functions"},"message":"[worker-~diagnostic~-2e485c52-309d-4984-b4c1-51256d7a8154]: BUSY"}}
[debug] [2021-02-18T19:41:51.792Z] [runtime-status] [8930] Functions runtime initialized. {"cwd":"/home/aloisio/Desktop/Programas/HTML CSS JS/amazon-clone/amazon-full-stack/functions","node_version":"12.18.0"} {"metadata":{"emulator":{"name":"functions"},"message":"[runtime-status] [8930] Functions runtime initialized. {\"cwd\":\"/home/aloisio/Desktop/Programas/HTML CSS JS/amazon-clone/amazon-full-stack/functions\",\"node_version\":\"12.18.0\"}"}}
[debug] [2021-02-18T19:41:51.793Z] [runtime-status] [8930] Disabled runtime features: undefined {"metadata":{"emulator":{"name":"functions"},"message":"[runtime-status] [8930] Disabled runtime features: undefined"}}
[debug] [2021-02-18T19:41:51.962Z] [runtime-status] [8930] Resolved module firebase-admin {"declared":true,"installed":true,"version":"9.5.0","resolution":"/home/aloisio/Desktop/Programas/HTML CSS JS/amazon-clone/amazon-full-stack/functions/node_modules/firebase-admin/lib/index.js"} {"metadata":{"emulator":{"name":"functions"},"message":"[runtime-status] [8930] Resolved module firebase-admin {\"declared\":true,\"installed\":true,\"version\":\"9.5.0\",\"resolution\":\"/home/aloisio/Desktop/Programas/HTML CSS JS/amazon-clone/amazon-full-stack/functions/node_modules/firebase-admin/lib/index.js\"}"}}
[debug] [2021-02-18T19:41:52.039Z] [runtime-status] [8930] Resolved module firebase-functions {"declared":true,"installed":true,"version":"3.13.1","resolution":"/home/aloisio/Desktop/Programas/HTML CSS JS/amazon-clone/amazon-full-stack/functions/node_modules/firebase-functions/lib/index.js"} {"metadata":{"emulator":{"name":"functions"},"message":"[runtime-status] [8930] Resolved module firebase-functions {\"declared\":true,\"installed\":true,\"version\":\"3.13.1\",\"resolution\":\"/home/aloisio/Desktop/Programas/HTML CSS JS/amazon-clone/amazon-full-stack/functions/node_modules/firebase-functions/lib/index.js\"}"}}
[debug] [2021-02-18T19:41:52.044Z] [runtime-status] [8930] Resolved module firebase-functions {"declared":true,"installed":true,"version":"3.13.1","resolution":"/home/aloisio/Desktop/Programas/HTML CSS JS/amazon-clone/amazon-full-stack/functions/node_modules/firebase-functions/lib/index.js"} {"metadata":{"emulator":{"name":"functions"},"message":"[runtime-status] [8930] Resolved module firebase-functions {\"declared\":true,\"installed\":true,\"version\":\"3.13.1\",\"resolution\":\"/home/aloisio/Desktop/Programas/HTML CSS JS/amazon-clone/amazon-full-stack/functions/node_modules/firebase-functions/lib/index.js\"}"}}
[debug] [2021-02-18T19:41:52.049Z] [runtime-status] [8930] Outgoing network have been stubbed. [{"name":"http","status":"mocked"},{"name":"http","status":"mocked"},{"name":"https","status":"mocked"},{"name":"https","status":"mocked"},{"name":"net","status":"mocked"}] {"metadata":{"emulator":{"name":"functions"},"message":"[runtime-status] [8930] Outgoing network have been stubbed. [{\"name\":\"http\",\"status\":\"mocked\"},{\"name\":\"http\",\"status\":\"mocked\"},{\"name\":\"https\",\"status\":\"mocked\"},{\"name\":\"https\",\"status\":\"mocked\"},{\"name\":\"net\",\"status\":\"mocked\"}]"}}
[debug] [2021-02-18T19:41:52.050Z] [runtime-status] [8930] Resolved module firebase-functions {"declared":true,"installed":true,"version":"3.13.1","resolution":"/home/aloisio/Desktop/Programas/HTML CSS JS/amazon-clone/amazon-full-stack/functions/node_modules/firebase-functions/lib/index.js"} {"metadata":{"emulator":{"name":"functions"},"message":"[runtime-status] [8930] Resolved module firebase-functions {\"declared\":true,\"installed\":true,\"version\":\"3.13.1\",\"resolution\":\"/home/aloisio/Desktop/Programas/HTML CSS JS/amazon-clone/amazon-full-stack/functions/node_modules/firebase-functions/lib/index.js\"}"}}
[debug] [2021-02-18T19:41:53.617Z] [runtime-status] [8930] Checked functions.config() {"config":{}} {"metadata":{"emulator":{"name":"functions"},"message":"[runtime-status] [8930] Checked functions.config() {\"config\":{}}"}}
[debug] [2021-02-18T19:41:53.619Z] [runtime-status] [8930] firebase-functions has been stubbed. {"functionsResolution":{"declared":true,"installed":true,"version":"3.13.1","resolution":"/home/aloisio/Desktop/Programas/HTML CSS JS/amazon-clone/amazon-full-stack/functions/node_modules/firebase-functions/lib/index.js"}} {"metadata":{"emulator":{"name":"functions"},"message":"[runtime-status] [8930] firebase-functions has been stubbed. {\"functionsResolution\":{\"declared\":true,\"installed\":true,\"version\":\"3.13.1\",\"resolution\":\"/home/aloisio/Desktop/Programas/HTML CSS JS/amazon-clone/amazon-full-stack/functions/node_modules/firebase-functions/lib/index.js\"}}"}}
[debug] [2021-02-18T19:41:53.626Z] [runtime-status] [8930] Resolved module firebase-functions {"declared":true,"installed":true,"version":"3.13.1","resolution":"/home/aloisio/Desktop/Programas/HTML CSS JS/amazon-clone/amazon-full-stack/functions/node_modules/firebase-functions/lib/index.js"} {"metadata":{"emulator":{"name":"functions"},"message":"[runtime-status] [8930] Resolved module firebase-functions {\"declared\":true,\"installed\":true,\"version\":\"3.13.1\",\"resolution\":\"/home/aloisio/Desktop/Programas/HTML CSS JS/amazon-clone/amazon-full-stack/functions/node_modules/firebase-functions/lib/index.js\"}"}}
[debug] [2021-02-18T19:41:53.626Z] [runtime-status] [8930] Resolved module firebase-admin {"declared":true,"installed":true,"version":"9.5.0","resolution":"/home/aloisio/Desktop/Programas/HTML CSS JS/amazon-clone/amazon-full-stack/functions/node_modules/firebase-admin/lib/index.js"} {"metadata":{"emulator":{"name":"functions"},"message":"[runtime-status] [8930] Resolved module firebase-admin {\"declared\":true,\"installed\":true,\"version\":\"9.5.0\",\"resolution\":\"/home/aloisio/Desktop/Programas/HTML CSS JS/amazon-clone/amazon-full-stack/functions/node_modules/firebase-admin/lib/index.js\"}"}}
[debug] [2021-02-18T19:41:53.627Z] [runtime-status] [8930] Resolved module firebase-functions {"declared":true,"installed":true,"version":"3.13.1","resolution":"/home/aloisio/Desktop/Programas/HTML CSS JS/amazon-clone/amazon-full-stack/functions/node_modules/firebase-functions/lib/index.js"} {"metadata":{"emulator":{"name":"functions"},"message":"[runtime-status] [8930] Resolved module firebase-functions {\"declared\":true,\"installed\":true,\"version\":\"3.13.1\",\"resolution\":\"/home/aloisio/Desktop/Programas/HTML CSS JS/amazon-clone/amazon-full-stack/functions/node_modules/firebase-functions/lib/index.js\"}"}}
[debug] [2021-02-18T19:41:53.627Z] [runtime-status] [8930] firebase-admin has been stubbed. {"adminResolution":{"declared":true,"installed":true,"version":"9.5.0","resolution":"/home/aloisio/Desktop/Programas/HTML CSS JS/amazon-clone/amazon-full-stack/functions/node_modules/firebase-admin/lib/index.js"}} {"metadata":{"emulator":{"name":"functions"},"message":"[runtime-status] [8930] firebase-admin has been stubbed. {\"adminResolution\":{\"declared\":true,\"installed\":true,\"version\":\"9.5.0\",\"resolution\":\"/home/aloisio/Desktop/Programas/HTML CSS JS/amazon-clone/amazon-full-stack/functions/node_modules/firebase-admin/lib/index.js\"}}"}}
[info] ✔  functions[api]: http function initialized (http://localhost:5001/clone-c74b2/us-central1/api). {"metadata":{"emulator":{"name":"functions"},"message":"\u001b[1mhttp\u001b[22m function initialized (http://localhost:5001/clone-c74b2/us-central1/api)."}}
[info] 
┌─────────────────────────────────────────────────────────────┐
│ ✔  All emulators ready! It is now safe to connect your app. │
│ i  View Emulator UI at http://localhost:4000                │
└─────────────────────────────────────────────────────────────┘

┌───────────┬────────────────┬─────────────────────────────────┐
│ Emulator  │ Host:Port      │ View in Emulator UI             │
├───────────┼────────────────┼─────────────────────────────────┤
│ Functions │ localhost:5001 │ http://localhost:4000/functions │
├───────────┼────────────────┼─────────────────────────────────┤
│ Hosting   │ localhost:5000 │ n/a                             │
└───────────┴────────────────┴─────────────────────────────────┘
  Emulator Hub running at localhost:4400
  Other reserved ports: 4500

Issues? Report them at https://github.com/firebase/firebase-tools/issues and attach the *-debug.log files.
 
[debug] [2021-02-18T19:42:00.588Z] [worker-~diagnostic~-2e485c52-309d-4984-b4c1-51256d7a8154]: IDLE {"metadata":{"emulator":{"name":"functions"},"message":"[worker-~diagnostic~-2e485c52-309d-4984-b4c1-51256d7a8154]: IDLE"}}
[debug] [2021-02-18T20:46:26.281Z] [work-queue] {"queueLength":1,"workRunningCount":0}
[debug] [2021-02-18T20:46:26.372Z] [work-queue] {"queueLength":0,"workRunningCount":1}
[debug] [2021-02-18T20:46:26.373Z] Accepted request POST /clone-c74b2/us-central1/api/payments/create?total=26292 --> api
[debug] [2021-02-18T20:46:26.697Z] [worker-pool] addWorker(api) {"metadata":{"emulator":{"name":"functions"},"message":"[worker-pool] addWorker(api)"}}
[debug] [2021-02-18T20:46:26.698Z] [worker-pool] Adding worker with key api, total=1 {"metadata":{"emulator":{"name":"functions"},"message":"[worker-pool] Adding worker with key api, total=1"}}
[debug] [2021-02-18T20:46:26.698Z] [worker-pool] submitWork(triggerId=api) {"metadata":{"emulator":{"name":"functions"},"message":"[worker-pool] submitWork(triggerId=api)"}}
[debug] [2021-02-18T20:46:26.699Z] [worker-api-d0929950-c113-4456-a650-9eedc3d7dfb4]: Assigning socketPath: /tmp/fire_emu_10345.sock {"metadata":{"emulator":{"name":"functions"},"message":"[worker-api-d0929950-c113-4456-a650-9eedc3d7dfb4]: Assigning socketPath: /tmp/fire_emu_10345.sock"}}
[debug] [2021-02-18T20:46:26.699Z] [worker-api-d0929950-c113-4456-a650-9eedc3d7dfb4]: BUSY {"metadata":{"emulator":{"name":"functions"},"message":"[worker-api-d0929950-c113-4456-a650-9eedc3d7dfb4]: BUSY"}}
[debug] [2021-02-18T20:46:39.457Z] [runtime-status] [10345] Functions runtime initialized. {"cwd":"/home/aloisio/Desktop/Programas/HTML CSS JS/amazon-clone/amazon-full-stack/functions","node_version":"12.18.0"} {"metadata":{"emulator":{"name":"functions"},"function":{"name":"api"},"message":"[runtime-status] [10345] Functions runtime initialized. {\"cwd\":\"/home/aloisio/Desktop/Programas/HTML CSS JS/amazon-clone/amazon-full-stack/functions\",\"node_version\":\"12.18.0\"}"}}
[debug] [2021-02-18T20:46:39.465Z] [runtime-status] [10345] Disabled runtime features: undefined {"metadata":{"emulator":{"name":"functions"},"function":{"name":"api"},"message":"[runtime-status] [10345] Disabled runtime features: undefined"}}
[debug] [2021-02-18T20:46:39.732Z] [runtime-status] [10345] Resolved module firebase-admin {"declared":true,"installed":true,"version":"9.5.0","resolution":"/home/aloisio/Desktop/Programas/HTML CSS JS/amazon-clone/amazon-full-stack/functions/node_modules/firebase-admin/lib/index.js"} {"metadata":{"emulator":{"name":"functions"},"function":{"name":"api"},"message":"[runtime-status] [10345] Resolved module firebase-admin {\"declared\":true,\"installed\":true,\"version\":\"9.5.0\",\"resolution\":\"/home/aloisio/Desktop/Programas/HTML CSS JS/amazon-clone/amazon-full-stack/functions/node_modules/firebase-admin/lib/index.js\"}"}}
[debug] [2021-02-18T20:46:39.851Z] [runtime-status] [10345] Resolved module firebase-functions {"declared":true,"installed":true,"version":"3.13.1","resolution":"/home/aloisio/Desktop/Programas/HTML CSS JS/amazon-clone/amazon-full-stack/functions/node_modules/firebase-functions/lib/index.js"} {"metadata":{"emulator":{"name":"functions"},"function":{"name":"api"},"message":"[runtime-status] [10345] Resolved module firebase-functions {\"declared\":true,\"installed\":true,\"version\":\"3.13.1\",\"resolution\":\"/home/aloisio/Desktop/Programas/HTML CSS JS/amazon-clone/amazon-full-stack/functions/node_modules/firebase-functions/lib/index.js\"}"}}
[debug] [2021-02-18T20:46:39.857Z] [runtime-status] [10345] Resolved module firebase-functions {"declared":true,"installed":true,"version":"3.13.1","resolution":"/home/aloisio/Desktop/Programas/HTML CSS JS/amazon-clone/amazon-full-stack/functions/node_modules/firebase-functions/lib/index.js"} {"metadata":{"emulator":{"name":"functions"},"function":{"name":"api"},"message":"[runtime-status] [10345] Resolved module firebase-functions {\"declared\":true,\"installed\":true,\"version\":\"3.13.1\",\"resolution\":\"/home/aloisio/Desktop/Programas/HTML CSS JS/amazon-clone/amazon-full-stack/functions/node_modules/firebase-functions/lib/index.js\"}"}}
[debug] [2021-02-18T20:46:39.862Z] [runtime-status] [10345] Outgoing network have been stubbed. [{"name":"http","status":"mocked"},{"name":"http","status":"mocked"},{"name":"https","status":"mocked"},{"name":"https","status":"mocked"},{"name":"net","status":"mocked"}] {"metadata":{"emulator":{"name":"functions"},"function":{"name":"api"},"message":"[runtime-status] [10345] Outgoing network have been stubbed. [{\"name\":\"http\",\"status\":\"mocked\"},{\"name\":\"http\",\"status\":\"mocked\"},{\"name\":\"https\",\"status\":\"mocked\"},{\"name\":\"https\",\"status\":\"mocked\"},{\"name\":\"net\",\"status\":\"mocked\"}]"}}
[debug] [2021-02-18T20:46:39.864Z] [runtime-status] [10345] Resolved module firebase-functions {"declared":true,"installed":true,"version":"3.13.1","resolution":"/home/aloisio/Desktop/Programas/HTML CSS JS/amazon-clone/amazon-full-stack/functions/node_modules/firebase-functions/lib/index.js"} {"metadata":{"emulator":{"name":"functions"},"function":{"name":"api"},"message":"[runtime-status] [10345] Resolved module firebase-functions {\"declared\":true,\"installed\":true,\"version\":\"3.13.1\",\"resolution\":\"/home/aloisio/Desktop/Programas/HTML CSS JS/amazon-clone/amazon-full-stack/functions/node_modules/firebase-functions/lib/index.js\"}"}}
[debug] [2021-02-18T20:46:41.322Z] [runtime-status] [10345] Checked functions.config() {"config":{}} {"metadata":{"emulator":{"name":"functions"},"function":{"name":"api"},"message":"[runtime-status] [10345] Checked functions.config() {\"config\":{}}"}}
[debug] [2021-02-18T20:46:41.323Z] [runtime-status] [10345] firebase-functions has been stubbed. {"functionsResolution":{"declared":true,"installed":true,"version":"3.13.1","resolution":"/home/aloisio/Desktop/Programas/HTML CSS JS/amazon-clone/amazon-full-stack/functions/node_modules/firebase-functions/lib/index.js"}} {"metadata":{"emulator":{"name":"functions"},"function":{"name":"api"},"message":"[runtime-status] [10345] firebase-functions has been stubbed. {\"functionsResolution\":{\"declared\":true,\"installed\":true,\"version\":\"3.13.1\",\"resolution\":\"/home/aloisio/Desktop/Programas/HTML CSS JS/amazon-clone/amazon-full-stack/functions/node_modules/firebase-functions/lib/index.js\"}}"}}
[debug] [2021-02-18T20:46:41.327Z] [runtime-status] [10345] Resolved module firebase-functions {"declared":true,"installed":true,"version":"3.13.1","resolution":"/home/aloisio/Desktop/Programas/HTML CSS JS/amazon-clone/amazon-full-stack/functions/node_modules/firebase-functions/lib/index.js"} {"metadata":{"emulator":{"name":"functions"},"function":{"name":"api"},"message":"[runtime-status] [10345] Resolved module firebase-functions {\"declared\":true,\"installed\":true,\"version\":\"3.13.1\",\"resolution\":\"/home/aloisio/Desktop/Programas/HTML CSS JS/amazon-clone/amazon-full-stack/functions/node_modules/firebase-functions/lib/index.js\"}"}}
[debug] [2021-02-18T20:46:41.330Z] [runtime-status] [10345] Resolved module firebase-admin {"declared":true,"installed":true,"version":"9.5.0","resolution":"/home/aloisio/Desktop/Programas/HTML CSS JS/amazon-clone/amazon-full-stack/functions/node_modules/firebase-admin/lib/index.js"} {"metadata":{"emulator":{"name":"functions"},"function":{"name":"api"},"message":"[runtime-status] [10345] Resolved module firebase-admin {\"declared\":true,\"installed\":true,\"version\":\"9.5.0\",\"resolution\":\"/home/aloisio/Desktop/Programas/HTML CSS JS/amazon-clone/amazon-full-stack/functions/node_modules/firebase-admin/lib/index.js\"}"}}
[debug] [2021-02-18T20:46:41.330Z] [runtime-status] [10345] Resolved module firebase-functions {"declared":true,"installed":true,"version":"3.13.1","resolution":"/home/aloisio/Desktop/Programas/HTML CSS JS/amazon-clone/amazon-full-stack/functions/node_modules/firebase-functions/lib/index.js"} {"metadata":{"emulator":{"name":"functions"},"function":{"name":"api"},"message":"[runtime-status] [10345] Resolved module firebase-functions {\"declared\":true,\"installed\":true,\"version\":\"3.13.1\",\"resolution\":\"/home/aloisio/Desktop/Programas/HTML CSS JS/amazon-clone/amazon-full-stack/functions/node_modules/firebase-functions/lib/index.js\"}"}}
[debug] [2021-02-18T20:46:41.332Z] [runtime-status] [10345] firebase-admin has been stubbed. {"adminResolution":{"declared":true,"installed":true,"version":"9.5.0","resolution":"/home/aloisio/Desktop/Programas/HTML CSS JS/amazon-clone/amazon-full-stack/functions/node_modules/firebase-admin/lib/index.js"}} {"metadata":{"emulator":{"name":"functions"},"function":{"name":"api"},"message":"[runtime-status] [10345] firebase-admin has been stubbed. {\"adminResolution\":{\"declared\":true,\"installed\":true,\"version\":\"9.5.0\",\"resolution\":\"/home/aloisio/Desktop/Programas/HTML CSS JS/amazon-clone/amazon-full-stack/functions/node_modules/firebase-admin/lib/index.js\"}}"}}
[debug] [2021-02-18T20:46:48.360Z] [runtime-status] [10345] Trigger "api" has been found, beginning invocation! {"metadata":{"emulator":{"name":"functions"},"function":{"name":"api"},"message":"[runtime-status] [10345] Trigger \"api\" has been found, beginning invocation!"}}
[info] i  functions: Beginning execution of "api" {"metadata":{"emulator":{"name":"functions"},"function":{"name":"api"},"message":"Beginning execution of \"api\""}}
[debug] [2021-02-18T20:46:48.362Z] [runtime-status] [10345] triggerDefinition {"httpsTrigger":{},"name":"api","entryPoint":"api"} {"metadata":{"emulator":{"name":"functions"},"function":{"name":"api"},"message":"[runtime-status] [10345] triggerDefinition {\"httpsTrigger\":{},\"name\":\"api\",\"entryPoint\":\"api\"}"}}
[debug] [2021-02-18T20:46:48.362Z] [runtime-status] [10345] Running api in mode HTTPS {"metadata":{"emulator":{"name":"functions"},"function":{"name":"api"},"message":"[runtime-status] [10345] Running api in mode HTTPS"}}
[debug] [2021-02-18T20:46:48.369Z] [runtime-status] [10345] Attempting to listen to socketPath: /tmp/fire_emu_10345.sock {"metadata":{"emulator":{"name":"functions"},"function":{"name":"api"},"message":"[runtime-status] [10345] Attempting to listen to socketPath: /tmp/fire_emu_10345.sock"}}
[debug] [2021-02-18T20:46:48.499Z] [functions] Runtime ready! Sending request! {"metadata":{"emulator":{"name":"functions"},"message":"[functions] Runtime ready! Sending request!"}}
[debug] [2021-02-18T20:46:48.559Z] [functions] Got req.url=/clone-c74b2/us-central1/api/payments/create?total=26292, mapping to path=/payments/create?total=26292 {"metadata":{"emulator":{"name":"functions"},"message":"[functions] Got req.url=/clone-c74b2/us-central1/api/payments/create?total=26292, mapping to path=/payments/create?total=26292"}}
[debug] [2021-02-18T20:46:48.735Z] [runtime-status] [10345] Ephemeral server handling POST request {"metadata":{"emulator":{"name":"functions"},"function":{"name":"api"},"message":"[runtime-status] [10345] Ephemeral server handling POST request"}}
[info] >  Payment Request Recieved!!!!!! 26292 {"user":"Payment Request Recieved!!!!!! 26292","metadata":{"emulator":{"name":"functions"},"function":{"name":"api"},"message":"\u001b[90m> \u001b[39m Payment Request Recieved!!!!!! 26292"}}
[debug] [2021-02-18T20:46:48.753Z] [runtime-status] [10345] Ephemeral server survived. {"metadata":{"emulator":{"name":"functions"},"function":{"name":"api"},"message":"[runtime-status] [10345] Ephemeral server survived."}}
[info] i  functions: Finished "api" in ~2s {"metadata":{"emulator":{"name":"functions"},"function":{"name":"api"},"message":"Finished \"api\" in ~2s"}}
[debug] [2021-02-18T20:46:50.492Z] [worker-api-d0929950-c113-4456-a650-9eedc3d7dfb4]: IDLE {"metadata":{"emulator":{"name":"functions"},"message":"[worker-api-d0929950-c113-4456-a650-9eedc3d7dfb4]: IDLE"}}
[debug] [2021-02-18T20:46:50.492Z] [work-queue] {"queueLength":0,"workRunningCount":0}
[debug] [2021-02-18T20:46:53.631Z] [work-queue] {"queueLength":1,"workRunningCount":0}
[debug] [2021-02-18T20:46:53.631Z] [work-queue] {"queueLength":0,"workRunningCount":1}
[debug] [2021-02-18T20:46:53.632Z] Accepted request POST /clone-c74b2/us-central1/api/payments/create?total=0 --> api
[debug] [2021-02-18T20:46:53.632Z] [worker-pool] submitWork(triggerId=api) {"metadata":{"emulator":{"name":"functions"},"message":"[worker-pool] submitWork(triggerId=api)"}}
[debug] [2021-02-18T20:46:53.632Z] [worker-api-d0929950-c113-4456-a650-9eedc3d7dfb4]: Assigning socketPath: /tmp/fire_emu_10345.sock {"metadata":{"emulator":{"name":"functions"},"message":"[worker-api-d0929950-c113-4456-a650-9eedc3d7dfb4]: Assigning socketPath: /tmp/fire_emu_10345.sock"}}
[debug] [2021-02-18T20:46:53.632Z] [worker-api-d0929950-c113-4456-a650-9eedc3d7dfb4]: BUSY {"metadata":{"emulator":{"name":"functions"},"message":"[worker-api-d0929950-c113-4456-a650-9eedc3d7dfb4]: BUSY"}}
[debug] [2021-02-18T20:46:53.638Z] [runtime-status] [10345] Trigger "api" has been found, beginning invocation! {"metadata":{"emulator":{"name":"functions"},"function":{"name":"api"},"message":"[runtime-status] [10345] Trigger \"api\" has been found, beginning invocation!"}}
[info] i  functions: Beginning execution of "api" {"metadata":{"emulator":{"name":"functions"},"function":{"name":"api"},"message":"Beginning execution of \"api\""}}
[debug] [2021-02-18T20:46:53.639Z] [runtime-status] [10345] triggerDefinition {"httpsTrigger":{},"name":"api","entryPoint":"api"} {"metadata":{"emulator":{"name":"functions"},"function":{"name":"api"},"message":"[runtime-status] [10345] triggerDefinition {\"httpsTrigger\":{},\"name\":\"api\",\"entryPoint\":\"api\"}"}}
[debug] [2021-02-18T20:46:53.639Z] [runtime-status] [10345] Running api in mode HTTPS {"metadata":{"emulator":{"name":"functions"},"function":{"name":"api"},"message":"[runtime-status] [10345] Running api in mode HTTPS"}}
[debug] [2021-02-18T20:46:53.641Z] [runtime-status] [10345] Attempting to listen to socketPath: /tmp/fire_emu_10345.sock {"metadata":{"emulator":{"name":"functions"},"function":{"name":"api"},"message":"[runtime-status] [10345] Attempting to listen to socketPath: /tmp/fire_emu_10345.sock"}}
[debug] [2021-02-18T20:46:53.642Z] [functions] Runtime ready! Sending request! {"metadata":{"emulator":{"name":"functions"},"message":"[functions] Runtime ready! Sending request!"}}
[debug] [2021-02-18T20:46:53.642Z] [functions] Got req.url=/clone-c74b2/us-central1/api/payments/create?total=0, mapping to path=/payments/create?total=0 {"metadata":{"emulator":{"name":"functions"},"message":"[functions] Got req.url=/clone-c74b2/us-central1/api/payments/create?total=0, mapping to path=/payments/create?total=0"}}
[debug] [2021-02-18T20:46:53.648Z] [runtime-status] [10345] Ephemeral server handling POST request {"metadata":{"emulator":{"name":"functions"},"function":{"name":"api"},"message":"[runtime-status] [10345] Ephemeral server handling POST request"}}
[info] >  Payment Request Recieved!!!!!! 0 {"user":"Payment Request Recieved!!!!!! 0","metadata":{"emulator":{"name":"functions"},"function":{"name":"api"},"message":"\u001b[90m> \u001b[39m Payment Request Recieved!!!!!! 0"}}
[debug] [2021-02-18T20:46:53.657Z] [runtime-status] [10345] Ephemeral server survived. {"metadata":{"emulator":{"name":"functions"},"function":{"name":"api"},"message":"[runtime-status] [10345] Ephemeral server survived."}}
[info] >  (node:10345) UnhandledPromiseRejectionWarning: Error: This value must be greater than or equal to 1. {"user":"(node:10345) UnhandledPromiseRejectionWarning: Error: This value must be greater than or equal to 1.","metadata":{"emulator":{"name":"functions"},"function":{"name":"api"},"message":"\u001b[90m> \u001b[39m (node:10345) UnhandledPromiseRejectionWarning: Error: This value must be greater than or equal to 1."}}
[info] >      at Function.generate (/home/aloisio/Desktop/Programas/HTML CSS JS/amazon-clone/amazon-full-stack/functions/node_modules/stripe/lib/Error.js:40:16) {"user":"    at Function.generate (/home/aloisio/Desktop/Programas/HTML CSS JS/amazon-clone/amazon-full-stack/functions/node_modules/stripe/lib/Error.js:40:16)","metadata":{"emulator":{"name":"functions"},"function":{"name":"api"},"message":"\u001b[90m> \u001b[39m     at Function.generate (/home/aloisio/Desktop/Programas/HTML CSS JS/amazon-clone/amazon-full-stack/functions/node_modules/stripe/lib/Error.js:40:16)"}}
[info] >      at IncomingMessage.<anonymous> (/home/aloisio/Desktop/Programas/HTML CSS JS/amazon-clone/amazon-full-stack/functions/node_modules/stripe/lib/StripeResource.js:180:33) {"user":"    at IncomingMessage.<anonymous> (/home/aloisio/Desktop/Programas/HTML CSS JS/amazon-clone/amazon-full-stack/functions/node_modules/stripe/lib/StripeResource.js:180:33)","metadata":{"emulator":{"name":"functions"},"function":{"name":"api"},"message":"\u001b[90m> \u001b[39m     at IncomingMessage.<anonymous> (/home/aloisio/Desktop/Programas/HTML CSS JS/amazon-clone/amazon-full-stack/functions/node_modules/stripe/lib/StripeResource.js:180:33)"}}
[info] >      at Object.onceWrapper (events.js:421:28) {"user":"    at Object.onceWrapper (events.js:421:28)","metadata":{"emulator":{"name":"functions"},"function":{"name":"api"},"message":"\u001b[90m> \u001b[39m     at Object.onceWrapper (events.js:421:28)"}}
[info] >      at IncomingMessage.emit (events.js:327:22) {"user":"    at IncomingMessage.emit (events.js:327:22)","metadata":{"emulator":{"name":"functions"},"function":{"name":"api"},"message":"\u001b[90m> \u001b[39m     at IncomingMessage.emit (events.js:327:22)"}}
[info] >      at endReadableNT (_stream_readable.js:1221:12) {"user":"    at endReadableNT (_stream_readable.js:1221:12)","metadata":{"emulator":{"name":"functions"},"function":{"name":"api"},"message":"\u001b[90m> \u001b[39m     at endReadableNT (_stream_readable.js:1221:12)"}}
[info] >      at processTicksAndRejections (internal/process/task_queues.js:84:21) {"user":"    at processTicksAndRejections (internal/process/task_queues.js:84:21)","metadata":{"emulator":{"name":"functions"},"function":{"name":"api"},"message":"\u001b[90m> \u001b[39m     at processTicksAndRejections (internal/process/task_queues.js:84:21)"}}
[info] >  (node:10345) UnhandledPromiseRejectionWarning: Unhandled promise rejection. This error originated either by throwing inside of an async function without a catch block, or by rejecting a promise which was not handled with .catch(). To terminate the node process on unhandled promise rejection, use the CLI flag `--unhandled-rejections=strict` (see https://nodejs.org/api/cli.html#cli_unhandled_rejections_mode). (rejection id: 1) {"user":"(node:10345) UnhandledPromiseRejectionWarning: Unhandled promise rejection. This error originated either by throwing inside of an async function without a catch block, or by rejecting a promise which was not handled with .catch(). To terminate the node process on unhandled promise rejection, use the CLI flag `--unhandled-rejections=strict` (see https://nodejs.org/api/cli.html#cli_unhandled_rejections_mode). (rejection id: 1)","metadata":{"emulator":{"name":"functions"},"function":{"name":"api"},"message":"\u001b[90m> \u001b[39m (node:10345) UnhandledPromiseRejectionWarning: Unhandled promise rejection. This error originated either by throwing inside of an async function without a catch block, or by rejecting a promise which was not handled with .catch(). To terminate the node process on unhandled promise rejection, use the CLI flag `--unhandled-rejections=strict` (see https://nodejs.org/api/cli.html#cli_unhandled_rejections_mode). (rejection id: 1)"}}
[info] >  (node:10345) [DEP0018] DeprecationWarning: Unhandled promise rejections are deprecated. In the future, promise rejections that are not handled will terminate the Node.js process with a non-zero exit code. {"user":"(node:10345) [DEP0018] DeprecationWarning: Unhandled promise rejections are deprecated. In the future, promise rejections that are not handled will terminate the Node.js process with a non-zero exit code.","metadata":{"emulator":{"name":"functions"},"function":{"name":"api"},"message":"\u001b[90m> \u001b[39m (node:10345) [DEP0018] DeprecationWarning: Unhandled promise rejections are deprecated. In the future, promise rejections that are not handled will terminate the Node.js process with a non-zero exit code."}}
[warn] ⚠  functions: Your function timed out after ~60s. To configure this timeout, see
      https://firebase.google.com/docs/functions/manage-functions#set_timeout_and_memory_allocation. {"metadata":{"emulator":{"name":"functions"},"function":{"name":"api"},"message":"Your function timed out after ~60s. To configure this timeout, see\n      https://firebase.google.com/docs/functions/manage-functions#set_timeout_and_memory_allocation."}}
[info] >  /usr/lib/node_modules/firebase-tools/lib/emulator/functionsEmulatorRuntime.js:640 {"user":"/usr/lib/node_modules/firebase-tools/lib/emulator/functionsEmulatorRuntime.js:640","metadata":{"emulator":{"name":"functions"},"function":{"name":"api"},"message":"\u001b[90m> \u001b[39m /usr/lib/node_modules/firebase-tools/lib/emulator/functionsEmulatorRuntime.js:640"}}
[info] >              throw new Error("Function timed out."); {"user":"            throw new Error(\"Function timed out.\");","metadata":{"emulator":{"name":"functions"},"function":{"name":"api"},"message":"\u001b[90m> \u001b[39m             throw new Error(\"Function timed out.\");"}}
[info] >              ^ {"user":"            ^","metadata":{"emulator":{"name":"functions"},"function":{"name":"api"},"message":"\u001b[90m> \u001b[39m             ^"}}
[info] >   {"user":"","metadata":{"emulator":{"name":"functions"},"function":{"name":"api"},"message":"\u001b[90m> \u001b[39m "}}
[info] >  Error: Function timed out. {"user":"Error: Function timed out.","metadata":{"emulator":{"name":"functions"},"function":{"name":"api"},"message":"\u001b[90m> \u001b[39m Error: Function timed out."}}
[info] >      at Timeout._onTimeout (/usr/lib/node_modules/firebase-tools/lib/emulator/functionsEmulatorRuntime.js:640:19) {"user":"    at Timeout._onTimeout (/usr/lib/node_modules/firebase-tools/lib/emulator/functionsEmulatorRuntime.js:640:19)","metadata":{"emulator":{"name":"functions"},"function":{"name":"api"},"message":"\u001b[90m> \u001b[39m     at Timeout._onTimeout (/usr/lib/node_modules/firebase-tools/lib/emulator/functionsEmulatorRuntime.js:640:19)"}}
[info] >      at listOnTimeout (internal/timers.js:549:17) {"user":"    at listOnTimeout (internal/timers.js:549:17)","metadata":{"emulator":{"name":"functions"},"function":{"name":"api"},"message":"\u001b[90m> \u001b[39m     at listOnTimeout (internal/timers.js:549:17)"}}
[info] >      at processTimers (internal/timers.js:492:7) {"user":"    at processTimers (internal/timers.js:492:7)","metadata":{"emulator":{"name":"functions"},"function":{"name":"api"},"message":"\u001b[90m> \u001b[39m     at processTimers (internal/timers.js:492:7)"}}
[debug] [2021-02-18T20:47:53.806Z] [worker-api-d0929950-c113-4456-a650-9eedc3d7dfb4]: exited {"metadata":{"emulator":{"name":"functions"},"message":"[worker-api-d0929950-c113-4456-a650-9eedc3d7dfb4]: exited"}}
[debug] [2021-02-18T20:47:53.806Z] [worker-api-d0929950-c113-4456-a650-9eedc3d7dfb4]: FINISHED {"metadata":{"emulator":{"name":"functions"},"message":"[worker-api-d0929950-c113-4456-a650-9eedc3d7dfb4]: FINISHED"}}
[debug] [2021-02-18T20:47:53.807Z] [work-queue] {"queueLength":0,"workRunningCount":0}
